<?xml version="1.0" encoding="UTF-8"?>
<testsuite xmlns:xsi="http://www.w3.org/2001/XMLSchema-instance" xsi:noNamespaceSchemaLocation="https://maven.apache.org/surefire/maven-surefire-plugin/xsd/surefire-test-report.xsd" name="TestSuite" time="59.642" tests="1" errors="0" skipped="0" failures="0">
  <properties>
    <property name="gopherProxySet" value="false"/>
    <property name="awt.toolkit" value="sun.lwawt.macosx.LWCToolkit"/>
    <property name="file.encoding.pkg" value="sun.io"/>
    <property name="java.specification.version" value="1.8"/>
    <property name="sun.cpu.isalist" value=""/>
    <property name="sun.jnu.encoding" value="UTF-8"/>
    <property name="java.class.path" value="/Users/bigtiki/eclipse-workspace/com.plymouthrock/target/test-classes:/Users/bigtiki/eclipse-workspace/com.plymouthrock/target/classes:/Users/bigtiki/.m2/repository/org/testng/testng/7.3.0/testng-7.3.0.jar:/Users/bigtiki/.m2/repository/com/beust/jcommander/1.78/jcommander-1.78.jar:/Users/bigtiki/.m2/repository/org/apache/ant/ant/1.10.3/ant-1.10.3.jar:/Users/bigtiki/.m2/repository/org/apache/ant/ant-launcher/1.10.3/ant-launcher-1.10.3.jar:/Users/bigtiki/.m2/repository/junit/junit/4.12/junit-4.12.jar:/Users/bigtiki/.m2/repository/org/hamcrest/hamcrest-core/1.3/hamcrest-core-1.3.jar:/Users/bigtiki/.m2/repository/com/google/inject/guice/4.2.2/guice-4.2.2-no_aop.jar:/Users/bigtiki/.m2/repository/javax/inject/javax.inject/1/javax.inject-1.jar:/Users/bigtiki/.m2/repository/aopalliance/aopalliance/1.0/aopalliance-1.0.jar:/Users/bigtiki/.m2/repository/org/yaml/snakeyaml/1.21/snakeyaml-1.21.jar:/Users/bigtiki/.m2/repository/org/seleniumhq/selenium/selenium-java/3.141.59/selenium-java-3.141.59.jar:/Users/bigtiki/.m2/repository/org/seleniumhq/selenium/selenium-api/3.141.59/selenium-api-3.141.59.jar:/Users/bigtiki/.m2/repository/org/seleniumhq/selenium/selenium-chrome-driver/3.141.59/selenium-chrome-driver-3.141.59.jar:/Users/bigtiki/.m2/repository/org/seleniumhq/selenium/selenium-edge-driver/3.141.59/selenium-edge-driver-3.141.59.jar:/Users/bigtiki/.m2/repository/org/seleniumhq/selenium/selenium-firefox-driver/3.141.59/selenium-firefox-driver-3.141.59.jar:/Users/bigtiki/.m2/repository/org/seleniumhq/selenium/selenium-ie-driver/3.141.59/selenium-ie-driver-3.141.59.jar:/Users/bigtiki/.m2/repository/org/seleniumhq/selenium/selenium-opera-driver/3.141.59/selenium-opera-driver-3.141.59.jar:/Users/bigtiki/.m2/repository/org/seleniumhq/selenium/selenium-remote-driver/3.141.59/selenium-remote-driver-3.141.59.jar:/Users/bigtiki/.m2/repository/org/seleniumhq/selenium/selenium-safari-driver/3.141.59/selenium-safari-driver-3.141.59.jar:/Users/bigtiki/.m2/repository/org/seleniumhq/selenium/selenium-support/3.141.59/selenium-support-3.141.59.jar:/Users/bigtiki/.m2/repository/net/bytebuddy/byte-buddy/1.8.15/byte-buddy-1.8.15.jar:/Users/bigtiki/.m2/repository/org/apache/commons/commons-exec/1.3/commons-exec-1.3.jar:/Users/bigtiki/.m2/repository/com/google/guava/guava/25.0-jre/guava-25.0-jre.jar:/Users/bigtiki/.m2/repository/com/google/code/findbugs/jsr305/1.3.9/jsr305-1.3.9.jar:/Users/bigtiki/.m2/repository/org/checkerframework/checker-compat-qual/2.0.0/checker-compat-qual-2.0.0.jar:/Users/bigtiki/.m2/repository/com/google/errorprone/error_prone_annotations/2.1.3/error_prone_annotations-2.1.3.jar:/Users/bigtiki/.m2/repository/com/google/j2objc/j2objc-annotations/1.1/j2objc-annotations-1.1.jar:/Users/bigtiki/.m2/repository/org/codehaus/mojo/animal-sniffer-annotations/1.14/animal-sniffer-annotations-1.14.jar:/Users/bigtiki/.m2/repository/com/squareup/okhttp3/okhttp/3.11.0/okhttp-3.11.0.jar:/Users/bigtiki/.m2/repository/com/squareup/okio/okio/1.14.0/okio-1.14.0.jar:/Users/bigtiki/.m2/repository/io/cucumber/cucumber-java/6.9.0/cucumber-java-6.9.0.jar:/Users/bigtiki/.m2/repository/io/cucumber/cucumber-core/6.9.0/cucumber-core-6.9.0.jar:/Users/bigtiki/.m2/repository/io/cucumber/cucumber-gherkin/6.9.0/cucumber-gherkin-6.9.0.jar:/Users/bigtiki/.m2/repository/io/cucumber/cucumber-gherkin-messages/6.9.0/cucumber-gherkin-messages-6.9.0.jar:/Users/bigtiki/.m2/repository/io/cucumber/messages/13.2.0/messages-13.2.0.jar:/Users/bigtiki/.m2/repository/io/cucumber/tag-expressions/3.0.0/tag-expressions-3.0.0.jar:/Users/bigtiki/.m2/repository/io/cucumber/cucumber-expressions/10.3.0/cucumber-expressions-10.3.0.jar:/Users/bigtiki/.m2/repository/io/cucumber/datatable/3.5.0/datatable-3.5.0.jar:/Users/bigtiki/.m2/repository/io/cucumber/cucumber-plugin/6.9.0/cucumber-plugin-6.9.0.jar:/Users/bigtiki/.m2/repository/io/cucumber/docstring/6.9.0/docstring-6.9.0.jar:/Users/bigtiki/.m2/repository/io/cucumber/html-formatter/9.0.0/html-formatter-9.0.0.jar:/Users/bigtiki/.m2/repository/io/cucumber/create-meta/2.0.4/create-meta-2.0.4.jar:/Users/bigtiki/.m2/repository/org/apiguardian/apiguardian-api/1.1.0/apiguardian-api-1.1.0.jar:/Users/bigtiki/.m2/repository/io/cucumber/cucumber-picocontainer/6.9.0/cucumber-picocontainer-6.9.0.jar:/Users/bigtiki/.m2/repository/org/picocontainer/picocontainer/2.15/picocontainer-2.15.jar:/Users/bigtiki/.m2/repository/io/cucumber/cucumber-testng/6.9.0/cucumber-testng-6.9.0.jar:/Users/bigtiki/.m2/repository/org/apache/poi/poi/4.1.2/poi-4.1.2.jar:/Users/bigtiki/.m2/repository/commons-codec/commons-codec/1.13/commons-codec-1.13.jar:/Users/bigtiki/.m2/repository/org/apache/commons/commons-collections4/4.4/commons-collections4-4.4.jar:/Users/bigtiki/.m2/repository/org/apache/commons/commons-math3/3.6.1/commons-math3-3.6.1.jar:/Users/bigtiki/.m2/repository/com/zaxxer/SparseBitSet/1.2/SparseBitSet-1.2.jar:/Users/bigtiki/.m2/repository/com/aventstack/extentreports/3.1.5/extentreports-3.1.5.jar:/Users/bigtiki/.m2/repository/org/freemarker/freemarker/2.3.23/freemarker-2.3.23.jar:/Users/bigtiki/.m2/repository/org/mongodb/mongodb-driver/3.3.0/mongodb-driver-3.3.0.jar:/Users/bigtiki/.m2/repository/org/mongodb/bson/3.3.0/bson-3.3.0.jar:/Users/bigtiki/.m2/repository/org/mongodb/mongodb-driver-core/3.3.0/mongodb-driver-core-3.3.0.jar:/Users/bigtiki/.m2/repository/org/apache/httpcomponents/httpclient/4.5.2/httpclient-4.5.2.jar:/Users/bigtiki/.m2/repository/org/apache/httpcomponents/httpcore/4.4.4/httpcore-4.4.4.jar:/Users/bigtiki/.m2/repository/commons-logging/commons-logging/1.2/commons-logging-1.2.jar:/Users/bigtiki/.m2/repository/org/apache/httpcomponents/httpmime/4.5.2/httpmime-4.5.2.jar:/Users/bigtiki/.m2/repository/org/jsoup/jsoup/1.9.2/jsoup-1.9.2.jar:/Users/bigtiki/.m2/repository/com/google/code/gson/gson/2.8.0/gson-2.8.0.jar:/Users/bigtiki/.m2/repository/commons-io/commons-io/2.8.0/commons-io-2.8.0.jar:/Users/bigtiki/.m2/repository/org/apache/poi/poi-ooxml/4.1.1/poi-ooxml-4.1.1.jar:/Users/bigtiki/.m2/repository/org/apache/commons/commons-compress/1.19/commons-compress-1.19.jar:/Users/bigtiki/.m2/repository/com/github/virtuald/curvesapi/1.06/curvesapi-1.06.jar:/Users/bigtiki/.m2/repository/org/apache/poi/poi-ooxml-schemas/4.1.1/poi-ooxml-schemas-4.1.1.jar:/Users/bigtiki/.m2/repository/org/apache/xmlbeans/xmlbeans/3.1.0/xmlbeans-3.1.0.jar:/Users/bigtiki/.m2/repository/org/apache/poi/poi-scratchpad/4.1.1/poi-scratchpad-4.1.1.jar:/Users/bigtiki/.m2/repository/org/apache/poi/ooxml-schemas/1.4/ooxml-schemas-1.4.jar:/Users/bigtiki/.m2/repository/org/apache/poi/openxml4j/1.0-beta/openxml4j-1.0-beta.jar:/Users/bigtiki/.m2/repository/dom4j/dom4j/1.6.1/dom4j-1.6.1.jar:/Users/bigtiki/.m2/repository/xml-apis/xml-apis/1.0.b2/xml-apis-1.0.b2.jar:/Users/bigtiki/.m2/repository/log4j/log4j/1.2.17/log4j-1.2.17.jar:"/>
    <property name="java.vm.vendor" value="Oracle Corporation"/>
    <property name="sun.arch.data.model" value="64"/>
    <property name="java.vendor.url" value="http://java.oracle.com/"/>
    <property name="user.timezone" value=""/>
    <property name="java.vm.specification.version" value="1.8"/>
    <property name="os.name" value="Mac OS X"/>
    <property name="user.country" value="US"/>
    <property name="sun.java.launcher" value="SUN_STANDARD"/>
    <property name="sun.boot.library.path" value="/Library/Java/JavaVirtualMachines/jdk1.8.0_271.jdk/Contents/Home/jre/lib"/>
    <property name="sun.java.command" value="/Users/bigtiki/eclipse-workspace/com.plymouthrock/target/surefire/surefirebooter5703767162189409628.jar /Users/bigtiki/eclipse-workspace/com.plymouthrock/target/surefire 2020-11-20T16-23-45_640-jvmRun1 surefire5418704093050937603tmp surefire_08391147132689950764tmp"/>
    <property name="http.nonProxyHosts" value="local|*.local|169.254/16|*.169.254/16"/>
    <property name="surefire.test.class.path" value="/Users/bigtiki/eclipse-workspace/com.plymouthrock/target/test-classes:/Users/bigtiki/eclipse-workspace/com.plymouthrock/target/classes:/Users/bigtiki/.m2/repository/org/testng/testng/7.3.0/testng-7.3.0.jar:/Users/bigtiki/.m2/repository/com/beust/jcommander/1.78/jcommander-1.78.jar:/Users/bigtiki/.m2/repository/org/apache/ant/ant/1.10.3/ant-1.10.3.jar:/Users/bigtiki/.m2/repository/org/apache/ant/ant-launcher/1.10.3/ant-launcher-1.10.3.jar:/Users/bigtiki/.m2/repository/junit/junit/4.12/junit-4.12.jar:/Users/bigtiki/.m2/repository/org/hamcrest/hamcrest-core/1.3/hamcrest-core-1.3.jar:/Users/bigtiki/.m2/repository/com/google/inject/guice/4.2.2/guice-4.2.2-no_aop.jar:/Users/bigtiki/.m2/repository/javax/inject/javax.inject/1/javax.inject-1.jar:/Users/bigtiki/.m2/repository/aopalliance/aopalliance/1.0/aopalliance-1.0.jar:/Users/bigtiki/.m2/repository/org/yaml/snakeyaml/1.21/snakeyaml-1.21.jar:/Users/bigtiki/.m2/repository/org/seleniumhq/selenium/selenium-java/3.141.59/selenium-java-3.141.59.jar:/Users/bigtiki/.m2/repository/org/seleniumhq/selenium/selenium-api/3.141.59/selenium-api-3.141.59.jar:/Users/bigtiki/.m2/repository/org/seleniumhq/selenium/selenium-chrome-driver/3.141.59/selenium-chrome-driver-3.141.59.jar:/Users/bigtiki/.m2/repository/org/seleniumhq/selenium/selenium-edge-driver/3.141.59/selenium-edge-driver-3.141.59.jar:/Users/bigtiki/.m2/repository/org/seleniumhq/selenium/selenium-firefox-driver/3.141.59/selenium-firefox-driver-3.141.59.jar:/Users/bigtiki/.m2/repository/org/seleniumhq/selenium/selenium-ie-driver/3.141.59/selenium-ie-driver-3.141.59.jar:/Users/bigtiki/.m2/repository/org/seleniumhq/selenium/selenium-opera-driver/3.141.59/selenium-opera-driver-3.141.59.jar:/Users/bigtiki/.m2/repository/org/seleniumhq/selenium/selenium-remote-driver/3.141.59/selenium-remote-driver-3.141.59.jar:/Users/bigtiki/.m2/repository/org/seleniumhq/selenium/selenium-safari-driver/3.141.59/selenium-safari-driver-3.141.59.jar:/Users/bigtiki/.m2/repository/org/seleniumhq/selenium/selenium-support/3.141.59/selenium-support-3.141.59.jar:/Users/bigtiki/.m2/repository/net/bytebuddy/byte-buddy/1.8.15/byte-buddy-1.8.15.jar:/Users/bigtiki/.m2/repository/org/apache/commons/commons-exec/1.3/commons-exec-1.3.jar:/Users/bigtiki/.m2/repository/com/google/guava/guava/25.0-jre/guava-25.0-jre.jar:/Users/bigtiki/.m2/repository/com/google/code/findbugs/jsr305/1.3.9/jsr305-1.3.9.jar:/Users/bigtiki/.m2/repository/org/checkerframework/checker-compat-qual/2.0.0/checker-compat-qual-2.0.0.jar:/Users/bigtiki/.m2/repository/com/google/errorprone/error_prone_annotations/2.1.3/error_prone_annotations-2.1.3.jar:/Users/bigtiki/.m2/repository/com/google/j2objc/j2objc-annotations/1.1/j2objc-annotations-1.1.jar:/Users/bigtiki/.m2/repository/org/codehaus/mojo/animal-sniffer-annotations/1.14/animal-sniffer-annotations-1.14.jar:/Users/bigtiki/.m2/repository/com/squareup/okhttp3/okhttp/3.11.0/okhttp-3.11.0.jar:/Users/bigtiki/.m2/repository/com/squareup/okio/okio/1.14.0/okio-1.14.0.jar:/Users/bigtiki/.m2/repository/io/cucumber/cucumber-java/6.9.0/cucumber-java-6.9.0.jar:/Users/bigtiki/.m2/repository/io/cucumber/cucumber-core/6.9.0/cucumber-core-6.9.0.jar:/Users/bigtiki/.m2/repository/io/cucumber/cucumber-gherkin/6.9.0/cucumber-gherkin-6.9.0.jar:/Users/bigtiki/.m2/repository/io/cucumber/cucumber-gherkin-messages/6.9.0/cucumber-gherkin-messages-6.9.0.jar:/Users/bigtiki/.m2/repository/io/cucumber/messages/13.2.0/messages-13.2.0.jar:/Users/bigtiki/.m2/repository/io/cucumber/tag-expressions/3.0.0/tag-expressions-3.0.0.jar:/Users/bigtiki/.m2/repository/io/cucumber/cucumber-expressions/10.3.0/cucumber-expressions-10.3.0.jar:/Users/bigtiki/.m2/repository/io/cucumber/datatable/3.5.0/datatable-3.5.0.jar:/Users/bigtiki/.m2/repository/io/cucumber/cucumber-plugin/6.9.0/cucumber-plugin-6.9.0.jar:/Users/bigtiki/.m2/repository/io/cucumber/docstring/6.9.0/docstring-6.9.0.jar:/Users/bigtiki/.m2/repository/io/cucumber/html-formatter/9.0.0/html-formatter-9.0.0.jar:/Users/bigtiki/.m2/repository/io/cucumber/create-meta/2.0.4/create-meta-2.0.4.jar:/Users/bigtiki/.m2/repository/org/apiguardian/apiguardian-api/1.1.0/apiguardian-api-1.1.0.jar:/Users/bigtiki/.m2/repository/io/cucumber/cucumber-picocontainer/6.9.0/cucumber-picocontainer-6.9.0.jar:/Users/bigtiki/.m2/repository/org/picocontainer/picocontainer/2.15/picocontainer-2.15.jar:/Users/bigtiki/.m2/repository/io/cucumber/cucumber-testng/6.9.0/cucumber-testng-6.9.0.jar:/Users/bigtiki/.m2/repository/org/apache/poi/poi/4.1.2/poi-4.1.2.jar:/Users/bigtiki/.m2/repository/commons-codec/commons-codec/1.13/commons-codec-1.13.jar:/Users/bigtiki/.m2/repository/org/apache/commons/commons-collections4/4.4/commons-collections4-4.4.jar:/Users/bigtiki/.m2/repository/org/apache/commons/commons-math3/3.6.1/commons-math3-3.6.1.jar:/Users/bigtiki/.m2/repository/com/zaxxer/SparseBitSet/1.2/SparseBitSet-1.2.jar:/Users/bigtiki/.m2/repository/com/aventstack/extentreports/3.1.5/extentreports-3.1.5.jar:/Users/bigtiki/.m2/repository/org/freemarker/freemarker/2.3.23/freemarker-2.3.23.jar:/Users/bigtiki/.m2/repository/org/mongodb/mongodb-driver/3.3.0/mongodb-driver-3.3.0.jar:/Users/bigtiki/.m2/repository/org/mongodb/bson/3.3.0/bson-3.3.0.jar:/Users/bigtiki/.m2/repository/org/mongodb/mongodb-driver-core/3.3.0/mongodb-driver-core-3.3.0.jar:/Users/bigtiki/.m2/repository/org/apache/httpcomponents/httpclient/4.5.2/httpclient-4.5.2.jar:/Users/bigtiki/.m2/repository/org/apache/httpcomponents/httpcore/4.4.4/httpcore-4.4.4.jar:/Users/bigtiki/.m2/repository/commons-logging/commons-logging/1.2/commons-logging-1.2.jar:/Users/bigtiki/.m2/repository/org/apache/httpcomponents/httpmime/4.5.2/httpmime-4.5.2.jar:/Users/bigtiki/.m2/repository/org/jsoup/jsoup/1.9.2/jsoup-1.9.2.jar:/Users/bigtiki/.m2/repository/com/google/code/gson/gson/2.8.0/gson-2.8.0.jar:/Users/bigtiki/.m2/repository/commons-io/commons-io/2.8.0/commons-io-2.8.0.jar:/Users/bigtiki/.m2/repository/org/apache/poi/poi-ooxml/4.1.1/poi-ooxml-4.1.1.jar:/Users/bigtiki/.m2/repository/org/apache/commons/commons-compress/1.19/commons-compress-1.19.jar:/Users/bigtiki/.m2/repository/com/github/virtuald/curvesapi/1.06/curvesapi-1.06.jar:/Users/bigtiki/.m2/repository/org/apache/poi/poi-ooxml-schemas/4.1.1/poi-ooxml-schemas-4.1.1.jar:/Users/bigtiki/.m2/repository/org/apache/xmlbeans/xmlbeans/3.1.0/xmlbeans-3.1.0.jar:/Users/bigtiki/.m2/repository/org/apache/poi/poi-scratchpad/4.1.1/poi-scratchpad-4.1.1.jar:/Users/bigtiki/.m2/repository/org/apache/poi/ooxml-schemas/1.4/ooxml-schemas-1.4.jar:/Users/bigtiki/.m2/repository/org/apache/poi/openxml4j/1.0-beta/openxml4j-1.0-beta.jar:/Users/bigtiki/.m2/repository/dom4j/dom4j/1.6.1/dom4j-1.6.1.jar:/Users/bigtiki/.m2/repository/xml-apis/xml-apis/1.0.b2/xml-apis-1.0.b2.jar:/Users/bigtiki/.m2/repository/log4j/log4j/1.2.17/log4j-1.2.17.jar:"/>
    <property name="sun.cpu.endian" value="little"/>
    <property name="user.home" value="/Users/bigtiki"/>
    <property name="user.language" value="en"/>
    <property name="java.specification.vendor" value="Oracle Corporation"/>
    <property name="java.home" value="/Library/Java/JavaVirtualMachines/jdk1.8.0_271.jdk/Contents/Home/jre"/>
    <property name="basedir" value="/Users/bigtiki/eclipse-workspace/com.plymouthrock"/>
    <property name="file.separator" value="/"/>
    <property name="line.separator" value="&#10;"/>
    <property name="java.vm.specification.vendor" value="Oracle Corporation"/>
    <property name="java.specification.name" value="Java Platform API Specification"/>
    <property name="java.awt.graphicsenv" value="sun.awt.CGraphicsEnvironment"/>
    <property name="surefire.real.class.path" value="/Users/bigtiki/eclipse-workspace/com.plymouthrock/target/surefire/surefirebooter5703767162189409628.jar"/>
    <property name="sun.boot.class.path" value="/Library/Java/JavaVirtualMachines/jdk1.8.0_271.jdk/Contents/Home/jre/lib/resources.jar:/Library/Java/JavaVirtualMachines/jdk1.8.0_271.jdk/Contents/Home/jre/lib/rt.jar:/Library/Java/JavaVirtualMachines/jdk1.8.0_271.jdk/Contents/Home/jre/lib/sunrsasign.jar:/Library/Java/JavaVirtualMachines/jdk1.8.0_271.jdk/Contents/Home/jre/lib/jsse.jar:/Library/Java/JavaVirtualMachines/jdk1.8.0_271.jdk/Contents/Home/jre/lib/jce.jar:/Library/Java/JavaVirtualMachines/jdk1.8.0_271.jdk/Contents/Home/jre/lib/charsets.jar:/Library/Java/JavaVirtualMachines/jdk1.8.0_271.jdk/Contents/Home/jre/lib/jfr.jar:/Library/Java/JavaVirtualMachines/jdk1.8.0_271.jdk/Contents/Home/jre/classes"/>
    <property name="sun.management.compiler" value="HotSpot 64-Bit Tiered Compilers"/>
    <property name="ftp.nonProxyHosts" value="local|*.local|169.254/16|*.169.254/16"/>
    <property name="java.runtime.version" value="1.8.0_271-b09"/>
    <property name="user.name" value="bigtiki"/>
    <property name="path.separator" value=":"/>
    <property name="os.version" value="10.15.6"/>
    <property name="java.endorsed.dirs" value="/Library/Java/JavaVirtualMachines/jdk1.8.0_271.jdk/Contents/Home/jre/lib/endorsed"/>
    <property name="java.runtime.name" value="Java(TM) SE Runtime Environment"/>
    <property name="file.encoding" value="UTF-8"/>
    <property name="java.vm.name" value="Java HotSpot(TM) 64-Bit Server VM"/>
    <property name="localRepository" value="/Users/bigtiki/.m2/repository"/>
    <property name="java.vendor.url.bug" value="http://bugreport.sun.com/bugreport/"/>
    <property name="java.io.tmpdir" value="/var/folders/d1/pq_m306j3q953zqnyvp_5rl00000gn/T/"/>
    <property name="java.version" value="1.8.0_271"/>
    <property name="user.dir" value="/Users/bigtiki/eclipse-workspace/com.plymouthrock"/>
    <property name="os.arch" value="x86_64"/>
    <property name="java.vm.specification.name" value="Java Virtual Machine Specification"/>
    <property name="java.awt.printerjob" value="sun.lwawt.macosx.CPrinterJob"/>
    <property name="sun.os.patch.level" value="unknown"/>
    <property name="java.library.path" value="/Users/bigtiki/Library/Java/Extensions:/Library/Java/Extensions:/Network/Library/Java/Extensions:/System/Library/Java/Extensions:/usr/lib/java:."/>
    <property name="java.vm.info" value="mixed mode"/>
    <property name="java.vendor" value="Oracle Corporation"/>
    <property name="java.vm.version" value="25.271-b09"/>
    <property name="java.ext.dirs" value="/Users/bigtiki/Library/Java/Extensions:/Library/Java/JavaVirtualMachines/jdk1.8.0_271.jdk/Contents/Home/jre/lib/ext:/Library/Java/Extensions:/Network/Library/Java/Extensions:/System/Library/Java/Extensions:/usr/lib/java"/>
    <property name="sun.io.unicode.encoding" value="UnicodeBig"/>
    <property name="java.class.version" value="52.0"/>
    <property name="socksNonProxyHosts" value="local|*.local|169.254/16|*.169.254/16"/>
  </properties>
  <testcase name="readExcel" classname="com.plymouthrock.homepage.Homepagetest" time="47.208"/>
</testsuite>