<?xml version="1.0" encoding="UTF-8"?>
<!-- Generated by org.testng.reporters.JUnitReportReporter -->
<testsuite skipped="0" hostname="BIGs-MacBook-Pro.local" name="com.plymouthrock.homepage.Homepagetest" tests="1" failures="0" timestamp="2020-11-19T20:42:58 EST" time="48.224" errors="0">
  <testcase name="readExcel" time="48.224" classname="com.plymouthrock.homepage.Homepagetest"/>
  <system-out>
captureScreen method called <a href='/Users/bigtiki/eclipse-workspace/com.plymouthrock/Screenshots/ClickedAuto1_19_11_2020_08_42_12.png'><img src='/Users/bigtiki/eclipse-workspace/com.plymouthrock/Screenshots/ClickedAuto1_19_11_2020_08_42_12.png'height='100' width='100'/></a> captureScreen method called <a href='/Users/bigtiki/eclipse-workspace/com.plymouthrock/Screenshots/EnterZip1_19_11_2020_08_42_14.png'><img src='/Users/bigtiki/eclipse-workspace/com.plymouthrock/Screenshots/EnterZip1_19_11_2020_08_42_14.png'height='100' width='100'/></a> captureScreen method called <a href='/Users/bigtiki/eclipse-workspace/com.plymouthrock/Screenshots/ClickGetQuote1_19_11_2020_08_42_16.png'><img src='/Users/bigtiki/eclipse-workspace/com.plymouthrock/Screenshots/ClickGetQuote1_19_11_2020_08_42_16.png'height='100' width='100'/></a> captureScreen method called <a href='/Users/bigtiki/eclipse-workspace/com.plymouthrock/Screenshots/address1_19_11_2020_08_42_19.png'><img src='/Users/bigtiki/eclipse-workspace/com.plymouthrock/Screenshots/address1_19_11_2020_08_42_19.png'height='100' width='100'/></a> captureScreen method called <a href='/Users/bigtiki/eclipse-workspace/com.plymouthrock/Screenshots/clickNext1_19_11_2020_08_42_22.png'><img src='/Users/bigtiki/eclipse-workspace/com.plymouthrock/Screenshots/clickNext1_19_11_2020_08_42_22.png'height='100' width='100'/></a> captureScreen method called <a href='/Users/bigtiki/eclipse-workspace/com.plymouthrock/Screenshots/ClickedAuto2_19_11_2020_08_42_36.png'><img src='/Users/bigtiki/eclipse-workspace/com.plymouthrock/Screenshots/ClickedAuto2_19_11_2020_08_42_36.png'height='100' width='100'/></a> captureScreen method called <a href='/Users/bigtiki/eclipse-workspace/com.plymouthrock/Screenshots/EnterZip2_19_11_2020_08_42_38.png'><img src='/Users/bigtiki/eclipse-workspace/com.plymouthrock/Screenshots/EnterZip2_19_11_2020_08_42_38.png'height='100' width='100'/></a> captureScreen method called <a href='/Users/bigtiki/eclipse-workspace/com.plymouthrock/Screenshots/ClickGetQuote2_19_11_2020_08_42_40.png'><img src='/Users/bigtiki/eclipse-workspace/com.plymouthrock/Screenshots/ClickGetQuote2_19_11_2020_08_42_40.png'height='100' width='100'/></a> captureScreen method called <a href='/Users/bigtiki/eclipse-workspace/com.plymouthrock/Screenshots/address2_19_11_2020_08_42_43.png'><img src='/Users/bigtiki/eclipse-workspace/com.plymouthrock/Screenshots/address2_19_11_2020_08_42_43.png'height='100' width='100'/></a> captureScreen method called <a href='/Users/bigtiki/eclipse-workspace/com.plymouthrock/Screenshots/clickNext2_19_11_2020_08_42_45.png'><img src='/Users/bigtiki/eclipse-workspace/com.plymouthrock/Screenshots/clickNext2_19_11_2020_08_42_45.png'height='100' width='100'/></a>  </system-out>
</testsuite> <!-- com.plymouthrock.homepage.Homepagetest -->
