<?xml version="1.0" encoding="UTF-8"?>
<!-- Generated by org.testng.reporters.JUnitReportReporter -->
<testsuite skipped="0" hostname="BIGs-MacBook-Pro.local" name="com.plymouthrock.homepage.Homepagetest" tests="1" failures="0" timestamp="2020-11-19T21:07:11 EST" time="51.435" errors="0">
  <testcase name="readExcel" time="51.435" classname="com.plymouthrock.homepage.Homepagetest"/>
  <system-out>
captureScreen method called <a href='/Users/bigtiki/eclipse-workspace/com.plymouthrock/Screenshots/ClickedAuto1_19_11_2020_09_06_23.png'><img src='/Users/bigtiki/eclipse-workspace/com.plymouthrock/Screenshots/ClickedAuto1_19_11_2020_09_06_23.png'height='100' width='100'/></a> captureScreen method called <a href='/Users/bigtiki/eclipse-workspace/com.plymouthrock/Screenshots/EnterZip1_19_11_2020_09_06_25.png'><img src='/Users/bigtiki/eclipse-workspace/com.plymouthrock/Screenshots/EnterZip1_19_11_2020_09_06_25.png'height='100' width='100'/></a> captureScreen method called <a href='/Users/bigtiki/eclipse-workspace/com.plymouthrock/Screenshots/ClickGetQuote1_19_11_2020_09_06_28.png'><img src='/Users/bigtiki/eclipse-workspace/com.plymouthrock/Screenshots/ClickGetQuote1_19_11_2020_09_06_28.png'height='100' width='100'/></a> captureScreen method called <a href='/Users/bigtiki/eclipse-workspace/com.plymouthrock/Screenshots/address1_19_11_2020_09_06_32.png'><img src='/Users/bigtiki/eclipse-workspace/com.plymouthrock/Screenshots/address1_19_11_2020_09_06_32.png'height='100' width='100'/></a> captureScreen method called <a href='/Users/bigtiki/eclipse-workspace/com.plymouthrock/Screenshots/clickNext1_19_11_2020_09_06_34.png'><img src='/Users/bigtiki/eclipse-workspace/com.plymouthrock/Screenshots/clickNext1_19_11_2020_09_06_34.png'height='100' width='100'/></a> captureScreen method called <a href='/Users/bigtiki/eclipse-workspace/com.plymouthrock/Screenshots/ClickedAuto2_19_11_2020_09_06_49.png'><img src='/Users/bigtiki/eclipse-workspace/com.plymouthrock/Screenshots/ClickedAuto2_19_11_2020_09_06_49.png'height='100' width='100'/></a> captureScreen method called <a href='/Users/bigtiki/eclipse-workspace/com.plymouthrock/Screenshots/EnterZip2_19_11_2020_09_06_51.png'><img src='/Users/bigtiki/eclipse-workspace/com.plymouthrock/Screenshots/EnterZip2_19_11_2020_09_06_51.png'height='100' width='100'/></a> captureScreen method called <a href='/Users/bigtiki/eclipse-workspace/com.plymouthrock/Screenshots/ClickGetQuote2_19_11_2020_09_06_53.png'><img src='/Users/bigtiki/eclipse-workspace/com.plymouthrock/Screenshots/ClickGetQuote2_19_11_2020_09_06_53.png'height='100' width='100'/></a> captureScreen method called <a href='/Users/bigtiki/eclipse-workspace/com.plymouthrock/Screenshots/address2_19_11_2020_09_06_56.png'><img src='/Users/bigtiki/eclipse-workspace/com.plymouthrock/Screenshots/address2_19_11_2020_09_06_56.png'height='100' width='100'/></a> captureScreen method called <a href='/Users/bigtiki/eclipse-workspace/com.plymouthrock/Screenshots/clickNext2_19_11_2020_09_06_59.png'><img src='/Users/bigtiki/eclipse-workspace/com.plymouthrock/Screenshots/clickNext2_19_11_2020_09_06_59.png'height='100' width='100'/></a>  </system-out>
</testsuite> <!-- com.plymouthrock.homepage.Homepagetest -->
