<?xml version="1.0" encoding="UTF-8"?>
<!-- Generated by org.testng.reporters.JUnitReportReporter -->
<testsuite skipped="0" hostname="BIGs-MacBook-Pro.local" name="com.plymouthrock.homepage.Homepagetest" tests="1" failures="0" timestamp="2020-11-20T16:24:45 EST" time="47.876" errors="0">
  <testcase name="readExcel" time="47.876" classname="com.plymouthrock.homepage.Homepagetest"/>
  <system-out>
captureScreen method called <a href='/Users/bigtiki/eclipse-workspace/com.plymouthrock/Screenshots/ClickedAuto1_20_11_2020_04_24_00.png'><img src='/Users/bigtiki/eclipse-workspace/com.plymouthrock/Screenshots/ClickedAuto1_20_11_2020_04_24_00.png'height='100' width='100'/></a> captureScreen method called <a href='/Users/bigtiki/eclipse-workspace/com.plymouthrock/Screenshots/EnterZip1_20_11_2020_04_24_02.png'><img src='/Users/bigtiki/eclipse-workspace/com.plymouthrock/Screenshots/EnterZip1_20_11_2020_04_24_02.png'height='100' width='100'/></a> captureScreen method called <a href='/Users/bigtiki/eclipse-workspace/com.plymouthrock/Screenshots/ClickGetQuote1_20_11_2020_04_24_04.png'><img src='/Users/bigtiki/eclipse-workspace/com.plymouthrock/Screenshots/ClickGetQuote1_20_11_2020_04_24_04.png'height='100' width='100'/></a> captureScreen method called <a href='/Users/bigtiki/eclipse-workspace/com.plymouthrock/Screenshots/address1_20_11_2020_04_24_07.png'><img src='/Users/bigtiki/eclipse-workspace/com.plymouthrock/Screenshots/address1_20_11_2020_04_24_07.png'height='100' width='100'/></a> captureScreen method called <a href='/Users/bigtiki/eclipse-workspace/com.plymouthrock/Screenshots/clickNext1_20_11_2020_04_24_09.png'><img src='/Users/bigtiki/eclipse-workspace/com.plymouthrock/Screenshots/clickNext1_20_11_2020_04_24_09.png'height='100' width='100'/></a> captureScreen method called <a href='/Users/bigtiki/eclipse-workspace/com.plymouthrock/Screenshots/ClickedAuto2_20_11_2020_04_24_23.png'><img src='/Users/bigtiki/eclipse-workspace/com.plymouthrock/Screenshots/ClickedAuto2_20_11_2020_04_24_23.png'height='100' width='100'/></a> captureScreen method called <a href='/Users/bigtiki/eclipse-workspace/com.plymouthrock/Screenshots/EnterZip2_20_11_2020_04_24_24.png'><img src='/Users/bigtiki/eclipse-workspace/com.plymouthrock/Screenshots/EnterZip2_20_11_2020_04_24_24.png'height='100' width='100'/></a> captureScreen method called <a href='/Users/bigtiki/eclipse-workspace/com.plymouthrock/Screenshots/ClickGetQuote2_20_11_2020_04_24_27.png'><img src='/Users/bigtiki/eclipse-workspace/com.plymouthrock/Screenshots/ClickGetQuote2_20_11_2020_04_24_27.png'height='100' width='100'/></a> captureScreen method called <a href='/Users/bigtiki/eclipse-workspace/com.plymouthrock/Screenshots/address2_20_11_2020_04_24_30.png'><img src='/Users/bigtiki/eclipse-workspace/com.plymouthrock/Screenshots/address2_20_11_2020_04_24_30.png'height='100' width='100'/></a> captureScreen method called <a href='/Users/bigtiki/eclipse-workspace/com.plymouthrock/Screenshots/clickNext2_20_11_2020_04_24_33.png'><img src='/Users/bigtiki/eclipse-workspace/com.plymouthrock/Screenshots/clickNext2_20_11_2020_04_24_33.png'height='100' width='100'/></a>  </system-out>
</testsuite> <!-- com.plymouthrock.homepage.Homepagetest -->
